<?xml version="1.0" encoding="UTF-8"?>
<!-- Generated by org.testng.reporters.JUnitReportReporter -->
<testsuite hostname="DESKTOP-PFME0N2" name="test.com.TruckTest" tests="1" failures="0" timestamp="13 Feb 2020 18:02:28 GMT" time="0.599" errors="0">
  <testcase name="hello" time="0.599" classname="test.com.TruckTest"/>
</testsuite> <!-- test.com.TruckTest -->
